<?xml version="1.0" encoding="UTF-8"?>
<!-- Generated by org.testng.reporters.JUnitXMLReporter -->
<testsuite ignored="0" hostname="MSI" failures="0" tests="4" name="Test" time="5.364" errors="0" timestamp="2024-07-15T17:30:05 IST">
  <testcase classname="pkg_API_CALLs.Login_API_CALL" name="LoginToApplication" time="4.437"/>
  <testcase classname="pkg_API_CALLs.Add_Product_API_CALL" name="AddProductToApplication" time="0.66"/>
  <testcase classname="pkg_API_CALLs.Order_PLaced" name="OrderPlacedIntoApplication" time="0.126"/>
  <testcase classname="pkg_API_CALLs.Delete_Order_API_CALL" name="DeleteOrderInApplication" time="0.073"/>
</testsuite> <!-- Test -->
