<?xml version="1.0" encoding="UTF-8"?>
<testng-results ignored="0" total="1" passed="1" failed="0" skipped="0">
  <reporter-output>
  </reporter-output>
  <suite started-at="2024-07-15T18:42:35 IST" name="Default suite" finished-at="2024-07-15T18:42:38 IST" duration-ms="3248">
    <groups>
    </groups>
    <test started-at="2024-07-15T18:42:35 IST" name="Default test" finished-at="2024-07-15T18:42:38 IST" duration-ms="3248">
      <class name="complexResponse.ComplexResponseBodyAPICall">
        <test-method signature="FetchDataFromComplexResponseBODY()[pri:0, instance:complexResponse.ComplexResponseBodyAPICall@6c80d78a]" started-at="2024-07-15T18:42:35 IST" name="FetchDataFromComplexResponseBODY" finished-at="2024-07-15T18:42:38 IST" duration-ms="3210" status="PASS">
          <reporter-output>
          </reporter-output>
        </test-method> <!-- FetchDataFromComplexResponseBODY -->
      </class> <!-- complexResponse.ComplexResponseBodyAPICall -->
    </test> <!-- Default test -->
  </suite> <!-- Default suite -->
</testng-results>
